Using pre-set license
Built from '2021.2/staging' branch; Version is '2021.2.13f1 (90b6766da538) revision 9483894'; Using compiler version '192829333'; Build Type 'Release'
OS: 'Windows 11  (10.0.22000) 64bit CoreSingleLanguage' Language: 'pt' Physical Memory: 16065 MB
BatchMode: 1, IsHumanControllingUs: 0, StartBugReporterOnCrash: 0, Is64bit: 1, IsPro: 1

COMMAND LINE ARGUMENTS:
C:\Program Files\Unity\Hub\Editor\2021.2.13f1\Editor\Unity.exe
-adb2
-batchMode
-noUpm
-name
AssetImportWorker0
-projectPath
C:/Users/rodri/Documents/The-Ugly-Ducling
-logFile
Logs/AssetImportWorker0.log
-srvPort
57755
Successfully changed project path to: C:/Users/rodri/Documents/The-Ugly-Ducling
C:/Users/rodri/Documents/The-Ugly-Ducling
[UnityMemory] Configuration Parameters - Can be set up in boot.config
    "memorysetup-bucket-allocator-granularity=16"
    "memorysetup-bucket-allocator-bucket-count=8"
    "memorysetup-bucket-allocator-block-size=33554432"
    "memorysetup-bucket-allocator-block-count=8"
    "memorysetup-main-allocator-block-size=16777216"
    "memorysetup-thread-allocator-block-size=16777216"
    "memorysetup-gfx-main-allocator-block-size=16777216"
    "memorysetup-gfx-thread-allocator-block-size=16777216"
    "memorysetup-cache-allocator-block-size=4194304"
    "memorysetup-typetree-allocator-block-size=2097152"
    "memorysetup-profiler-bucket-allocator-granularity=16"
    "memorysetup-profiler-bucket-allocator-bucket-count=8"
    "memorysetup-profiler-bucket-allocator-block-size=33554432"
    "memorysetup-profiler-bucket-allocator-block-count=8"
    "memorysetup-profiler-allocator-block-size=16777216"
    "memorysetup-profiler-editor-allocator-block-size=1048576"
    "memorysetup-temp-allocator-size-main=16777216"
    "memorysetup-job-temp-allocator-block-size=2097152"
    "memorysetup-job-temp-allocator-block-size-background=1048576"
    "memorysetup-job-temp-allocator-reduction-small-platforms=262144"
    "memorysetup-temp-allocator-size-background-worker=32768"
    "memorysetup-temp-allocator-size-job-worker=262144"
    "memorysetup-temp-allocator-size-preload-manager=33554432"
    "memorysetup-temp-allocator-size-nav-mesh-worker=65536"
    "memorysetup-temp-allocator-size-audio-worker=65536"
    "memorysetup-temp-allocator-size-cloud-worker=32768"
    "memorysetup-temp-allocator-size-gi-baking-worker=262144"
    "memorysetup-temp-allocator-size-gfx=262144"
Refreshing native plugins compatible for Editor in 74.29 ms, found 3 plugins.
Preloading 0 native plugins for Editor in 0.00 ms.
Initialize engine version: 2021.2.13f1 (90b6766da538)
[Subsystems] Discovering subsystems at path C:/Program Files/Unity/Hub/Editor/2021.2.13f1/Editor/Data/Resources/UnitySubsystems
[Subsystems] Discovering subsystems at path C:/Users/rodri/Documents/The-Ugly-Ducling/Assets
GfxDevice: creating device client; threaded=0; jobified=0
Direct3D:
    Version:  Direct3D 11.0 [level 11.1]
    Renderer: NVIDIA GeForce MX350 (ID=0x1c94)
    Vendor:   NVIDIA
    VRAM:     1979 MB
    Driver:   27.21.14.6259
Initialize mono
Mono path[0] = 'C:/Program Files/Unity/Hub/Editor/2021.2.13f1/Editor/Data/Managed'
Mono path[1] = 'C:/Program Files/Unity/Hub/Editor/2021.2.13f1/Editor/Data/MonoBleedingEdge/lib/mono/unityjit-win32'
Mono config path = 'C:/Program Files/Unity/Hub/Editor/2021.2.13f1/Editor/Data/MonoBleedingEdge/etc'
Using monoOptions --debugger-agent=transport=dt_socket,embedding=1,server=y,suspend=n,address=127.0.0.1:56520
Begin MonoManager ReloadAssembly
Registering precompiled unity dll's ...
Register platform support module: C:/Program Files/Unity/Hub/Editor/2021.2.13f1/Editor/Data/PlaybackEngines/WebGLSupport/UnityEditor.WebGL.Extensions.dll
Register platform support module: C:/Program Files/Unity/Hub/Editor/2021.2.13f1/Editor/Data/PlaybackEngines/MacStandaloneSupport/UnityEditor.OSXStandalone.Extensions.dll
Register platform support module: C:/Program Files/Unity/Hub/Editor/2021.2.13f1/Editor/Data/PlaybackEngines/AndroidPlayer/UnityEditor.Android.Extensions.dll
Register platform support module: C:/Program Files/Unity/Hub/Editor/2021.2.13f1/Editor/Data/PlaybackEngines/iOSSupport/UnityEditor.iOS.Extensions.dll
Register platform support module: C:/Program Files/Unity/Hub/Editor/2021.2.13f1/Editor/Data/PlaybackEngines/AppleTVSupport/UnityEditor.AppleTV.Extensions.dll
Register platform support module: C:/Program Files/Unity/Hub/Editor/2021.2.13f1/Editor/Data/PlaybackEngines/WindowsStandaloneSupport/UnityEditor.WindowsStandalone.Extensions.dll
Register platform support module: C:/Program Files/Unity/Hub/Editor/2021.2.13f1/Editor/Data/PlaybackEngines/MetroSupport/UnityEditor.UWP.Extensions.dll
Registered in 0.007764 seconds.
Native extension for UWP target not found
Native extension for WindowsStandalone target not found
Native extension for AppleTV target not found
Native extension for iOS target not found
Native extension for Android target not found
Native extension for OSXStandalone target not found
Native extension for WebGL target not found
Refreshing native plugins compatible for Editor in 100.74 ms, found 3 plugins.
Preloading 0 native plugins for Editor in 0.00 ms.
Mono: successfully reloaded assembly
- Completed reload, in 11.135 seconds
Domain Reload Profiling:
	ReloadAssembly (11135ms)
		BeginReloadAssembly (54ms)
			ExecutionOrderSort (0ms)
			DisableScriptedObjects (0ms)
			BackupInstance (0ms)
			ReleaseScriptingObjects (0ms)
			CreateAndSetChildDomain (1ms)
		EndReloadAssembly (10996ms)
			LoadAssemblies (54ms)
			RebuildTransferFunctionScriptingTraits (0ms)
			SetupTypeCache (77ms)
			ReleaseScriptCaches (0ms)
			RebuildScriptCaches (19ms)
			SetupLoadedEditorAssemblies (10865ms)
				LogAssemblyErrors (0ms)
				InitializePlatformSupportModulesInManaged (10648ms)
				SetLoadedEditorAssemblies (0ms)
				RefreshPlugins (101ms)
				BeforeProcessingInitializeOnLoad (1ms)
				ProcessInitializeOnLoadAttributes (75ms)
				ProcessInitializeOnLoadMethodAttributes (39ms)
				AfterProcessingInitializeOnLoad (0ms)
				EditorAssembliesLoaded (0ms)
			ExecutionOrderSort2 (0ms)
			AwakeInstancesAfterBackupRestoration (0ms)
Platform modules already initialized, skipping
Registering precompiled user dll's ...
Registered in 0.005630 seconds.
Begin MonoManager ReloadAssembly
Native extension for UWP target not found
Native extension for WindowsStandalone target not found
Native extension for AppleTV target not found
Native extension for iOS target not found
Native extension for Android target not found
Native extension for OSXStandalone target not found
Native extension for WebGL target not found
Refreshing native plugins compatible for Editor in 97.47 ms, found 3 plugins.
Preloading 0 native plugins for Editor in 0.00 ms.
Mono: successfully reloaded assembly
- Completed reload, in  1.936 seconds
Domain Reload Profiling:
	ReloadAssembly (1937ms)
		BeginReloadAssembly (418ms)
			ExecutionOrderSort (0ms)
			DisableScriptedObjects (4ms)
			BackupInstance (0ms)
			ReleaseScriptingObjects (0ms)
			CreateAndSetChildDomain (347ms)
		EndReloadAssembly (1416ms)
			LoadAssemblies (76ms)
			RebuildTransferFunctionScriptingTraits (0ms)
			SetupTypeCache (256ms)
			ReleaseScriptCaches (1ms)
			RebuildScriptCaches (57ms)
			SetupLoadedEditorAssemblies (990ms)
				LogAssemblyErrors (0ms)
				InitializePlatformSupportModulesInManaged (30ms)
				SetLoadedEditorAssemblies (0ms)
				RefreshPlugins (98ms)
				BeforeProcessingInitializeOnLoad (89ms)
				ProcessInitializeOnLoadAttributes (703ms)
				ProcessInitializeOnLoadMethodAttributes (63ms)
				AfterProcessingInitializeOnLoad (6ms)
				EditorAssembliesLoaded (0ms)
			ExecutionOrderSort2 (0ms)
			AwakeInstancesAfterBackupRestoration (5ms)
Platform modules already initialized, skipping
========================================================================
Worker process is ready to serve import requests
Launched and connected shader compiler UnityShaderCompiler.exe after 0.04 seconds
Refreshing native plugins compatible for Editor in 1.07 ms, found 3 plugins.
Preloading 0 native plugins for Editor in 0.00 ms.
Unloading 5198 Unused Serialized files (Serialized files now loaded: 0)
Unloading 33 unused Assets / (0.7 MB). Loaded Objects now: 5657.
Memory consumption went from 205.9 MB to 205.2 MB.
Total: 4.630700 ms (FindLiveObjects: 0.499500 ms CreateObjectMapping: 0.245400 ms MarkObjects: 3.446800 ms  DeleteObjects: 0.437600 ms)

AssetImportParameters requested are different than current active one (requested -> active):
  custom:video-decoder-ogg-theora: a1e56fd34408186e4bbccfd4996cb3dc -> 
  custom:container-muxer-webm: aa71ff27fc2769a1b78a27578f13a17b -> 
  custom:container-demuxer-webm: 4f35f7cbe854078d1ac9338744f61a02 -> 
  custom:video-encoder-webm-vp8: eb34c28f22e8b96e1ab97ce403110664 -> 
  custom:audio-encoder-webm-vorbis: bf7c407c2cedff20999df2af8eb42d56 -> 
  custom:framework-win-MediaFoundation: 216162199b28c13a410421893ffa2e32 -> 
  custom:container-demuxer-ogg: 62fdf1f143b41e24485cea50d1cbac27 -> 
  custom:video-decoder-webm-vp8: 9c59270c3fd7afecdb556c50c9e8de78 -> 
  custom:audio-decoder-ogg-vorbis: bf7c407c2cedff20999df2af8eb42d56 -> 
========================================================================
Received Import Request.
  Time since last request: 879773.899089 seconds.
  path: Assets/Models/Bed.obj
  artifactKey: Guid(c11500b67b7661a419de0b8abf092cc7) Importer(815301076,1909f56bfc062723c751e8b465ee728b)
Start importing Assets/Models/Bed.obj using Guid(c11500b67b7661a419de0b8abf092cc7) Importer(815301076,1909f56bfc062723c751e8b465ee728b)  -> (artifact id: 'f3c3fd4f64627c7d439cddc89c510a2c') in 0.176787 seconds 
========================================================================
Received Import Request.
  Time since last request: 0.000026 seconds.
  path: Assets/Models/BedTop.png
  artifactKey: Guid(0d4a887c359a25b4c968f2bc86715155) Importer(815301076,1909f56bfc062723c751e8b465ee728b)
Start importing Assets/Models/BedTop.png using Guid(0d4a887c359a25b4c968f2bc86715155) Importer(815301076,1909f56bfc062723c751e8b465ee728b)  -> (artifact id: 'edbc9877759831661866b56a5f9c0e20') in 0.026662 seconds 
========================================================================
Received Import Request.
  Time since last request: 0.000029 seconds.
  path: Assets/Models/BedBase.png
  artifactKey: Guid(84d0a4554ed42c14e8e22380369f726a) Importer(815301076,1909f56bfc062723c751e8b465ee728b)
Start importing Assets/Models/BedBase.png using Guid(84d0a4554ed42c14e8e22380369f726a) Importer(815301076,1909f56bfc062723c751e8b465ee728b)  -> (artifact id: '25bb617fa9daa5703dc171511965fd9e') in 0.012237 seconds 
========================================================================
Received Import Request.
  Time since last request: 4.649682 seconds.
  path: Assets/Models/Bed.mtl
  artifactKey: Guid(6e6fe51862f699a4ab15c4f61ef2bb04) Importer(815301076,1909f56bfc062723c751e8b465ee728b)
Start importing Assets/Models/Bed.mtl using Guid(6e6fe51862f699a4ab15c4f61ef2bb04) Importer(815301076,1909f56bfc062723c751e8b465ee728b)  -> (artifact id: 'f02e455ab2bc93f992fe5b32bcebb042') in 0.004628 seconds 
========================================================================
Received Import Request.
  Time since last request: 25.935063 seconds.
  path: Assets/Models/BedTop.png
  artifactKey: Guid(0d4a887c359a25b4c968f2bc86715155) Importer(815301076,1909f56bfc062723c751e8b465ee728b)
Start importing Assets/Models/BedTop.png using Guid(0d4a887c359a25b4c968f2bc86715155) Importer(815301076,1909f56bfc062723c751e8b465ee728b)  -> (artifact id: '78520e02554c3335efd7be427eda1dc7') in 0.009162 seconds 
========================================================================
Received Import Request.
  Time since last request: 0.014597 seconds.
  path: Assets/Models/Bed.obj
  artifactKey: Guid(c11500b67b7661a419de0b8abf092cc7) Importer(815301076,1909f56bfc062723c751e8b465ee728b)
Start importing Assets/Models/Bed.obj using Guid(c11500b67b7661a419de0b8abf092cc7) Importer(815301076,1909f56bfc062723c751e8b465ee728b)  -> (artifact id: '47f55702a255e7285f591a33f14e0f07') in 0.030295 seconds 
========================================================================
Received Import Request.
  Time since last request: 6.160525 seconds.
  path: Assets/Models/Bed.obj
  artifactKey: Guid(c11500b67b7661a419de0b8abf092cc7) Importer(815301076,1909f56bfc062723c751e8b465ee728b)
Start importing Assets/Models/Bed.obj using Guid(c11500b67b7661a419de0b8abf092cc7) Importer(815301076,1909f56bfc062723c751e8b465ee728b)  -> (artifact id: 'db9e4421394817398b85f38269909ec0') in 0.029744 seconds 
========================================================================
Received Import Request.
  Time since last request: 24.419915 seconds.
  path: Assets/Models/Bed.obj
  artifactKey: Guid(c11500b67b7661a419de0b8abf092cc7) Importer(815301076,1909f56bfc062723c751e8b465ee728b)
Start importing Assets/Models/Bed.obj using Guid(c11500b67b7661a419de0b8abf092cc7) Importer(815301076,1909f56bfc062723c751e8b465ee728b)  -> (artifact id: '2642c2bea996da67f602b367b7e76ca0') in 0.046955 seconds 
========================================================================
Received Import Request.
  Time since last request: 38.718583 seconds.
  path: Assets/Models/Bed.obj
  artifactKey: Guid(c11500b67b7661a419de0b8abf092cc7) Importer(815301076,1909f56bfc062723c751e8b465ee728b)
Start importing Assets/Models/Bed.obj using Guid(c11500b67b7661a419de0b8abf092cc7) Importer(815301076,1909f56bfc062723c751e8b465ee728b)  -> (artifact id: '556e0393c337142fce43792e29b60002') in 0.043482 seconds 
========================================================================
Received Import Request.
  Time since last request: 34.329178 seconds.
  path: Assets/Materials/m_0.mat
  artifactKey: Guid(1b3cb8c08933ad941b841dfa9f04a6dc) Importer(815301076,1909f56bfc062723c751e8b465ee728b)
Start importing Assets/Materials/m_0.mat using Guid(1b3cb8c08933ad941b841dfa9f04a6dc) Importer(815301076,1909f56bfc062723c751e8b465ee728b)  -> (artifact id: '8c977cbcd81a6c69a90bc46d43444fac') in 0.019020 seconds 
========================================================================
Received Import Request.
  Time since last request: 21.804997 seconds.
  path: Assets/Materials/BedTop.mat
  artifactKey: Guid(1b3cb8c08933ad941b841dfa9f04a6dc) Importer(815301076,1909f56bfc062723c751e8b465ee728b)
Start importing Assets/Materials/BedTop.mat using Guid(1b3cb8c08933ad941b841dfa9f04a6dc) Importer(815301076,1909f56bfc062723c751e8b465ee728b)  -> (artifact id: '27102edba2b14ac53a618326d0cc0943') in 0.010687 seconds 
========================================================================
Received Import Request.
  Time since last request: 13.193264 seconds.
  path: Assets/Materials/BedBase.mat
  artifactKey: Guid(db108b4777a9eb146b556acb6e276dc9) Importer(815301076,1909f56bfc062723c751e8b465ee728b)
Start importing Assets/Materials/BedBase.mat using Guid(db108b4777a9eb146b556acb6e276dc9) Importer(815301076,1909f56bfc062723c751e8b465ee728b)  -> (artifact id: '63895e67df635e0a2dbcb84d646a4dbe') in 0.009241 seconds 
========================================================================
Received Import Request.
  Time since last request: 182.696428 seconds.
  path: Assets/Models/Bed.obj
  artifactKey: Guid(c11500b67b7661a419de0b8abf092cc7) Importer(815301076,1909f56bfc062723c751e8b465ee728b)
Start importing Assets/Models/Bed.obj using Guid(c11500b67b7661a419de0b8abf092cc7) Importer(815301076,1909f56bfc062723c751e8b465ee728b)  -> (artifact id: '72f8d7d10a86b3b1c7740158af7dc1ed') in 0.020581 seconds 
========================================================================
Received Import Request.
  Time since last request: 66.340356 seconds.
  path: Assets/Models/Bed.obj
  artifactKey: Guid(c11500b67b7661a419de0b8abf092cc7) Importer(815301076,1909f56bfc062723c751e8b465ee728b)
Start importing Assets/Models/Bed.obj using Guid(c11500b67b7661a419de0b8abf092cc7) Importer(815301076,1909f56bfc062723c751e8b465ee728b)  -> (artifact id: '93684379fe66beb4610e0c721008dee6') in 0.024234 seconds 
